<?xml version="1.0" encoding="UTF-8"?>
<!-- Generated by org.testng.reporters.JUnitReportReporter -->
<testsuite hostname="DESKTOP-Q02RRK1" failures="0" tests="1" name="com.ALL_APIs.testScript.All_apps_APIs" time="5.930" errors="0" timestamp="2020-04-17T19:01:49 IST" skipped="0">
  <testcase classname="com.ALL_APIs.testScript.All_apps_APIs" name="RVA_API_Test" time="5.930"/>
</testsuite> <!-- com.ALL_APIs.testScript.All_apps_APIs -->
