<?xml version="1.0" encoding="UTF-8"?>
<!-- Generated by org.testng.reporters.JUnitReportReporter -->
<testsuite hostname="DESKTOP-Q02RRK1" failures="0" tests="1" name="com.ALL_APIs.testScript.All_apps_APIs" time="5.875" errors="0" timestamp="17 Apr 2020 13:46:43 GMT">
  <testcase classname="com.ALL_APIs.testScript.All_apps_APIs" name="RVA_API_Test" time="5.875"/>
</testsuite> <!-- com.ALL_APIs.testScript.All_apps_APIs -->
